<?xml version="1.0" encoding="UTF-8"?>
<!-- Generated by org.testng.reporters.JUnitReportReporter -->
<testsuite skipped="0" hostname="DESKTOP-KTE5JBA" name="com.nik.test.Web_Automation" tests="1" failures="0" timestamp="17 Nov 2021 18:39:06 GMT" time="10.658" errors="0">
  <testcase name="login" time="10.658" classname="com.nik.test.Web_Automation"/>
</testsuite> <!-- com.nik.test.Web_Automation -->
